###### 小组环境：

**黄云服务器**

| **节点主机****IP** | **用户名****/****密码** | **环境类型** | **登陆地址**                       | **登陆用户名****/****密码** | **使用者** |
| ------------------ | ----------------------- | ------------ | ---------------------------------- | --------------------------- | ---------- |
| 10.99.216.76       | root/123456             | 小型化       | https://10.99.216.80:10443/portal/ | admin/admin@123             | 仿真组     |
| 10.99.216.77       | root/123456             |              |                                    |                             |            |
| 10.99.216.78       | root/123456             |              |                                    |                             |            |
| 10.99.216.96       | root/123456             | 小型化       | https://10.99.216.93:10443/portal/ | admin/admin@123             | 公共       |
| 10.99.216.97       | root/123456             |              |                                    |                             |            |
| 10.99.216.98       | root/123456             |              |                                    |                             |            |
| 10.99.216.86       | root/123456             | 单机版       | https://10.99.216.86:10443/portal/ | admin/admin@123             | 公共       |

 **绿区服务器**

绿区SA环境已经部署完成 ( 如果本地PC不能访问，请添加静态路由：`route add 3.0.0.0 mask 255.0.0.0 3.0.0.194 –p`)

SA详细情况如下：

| **HDM IP** | **业务****IP** | **后台用户名****/****密码** | **登陆地址**                   | **用户名****/****密码** |
| ---------- | -------------- | --------------------------- | ------------------------------ | ----------------------- |
| 3.2.12.43  | 3.0.0.121      | root/123456                 | https://3.0.0.123:10443/portal | admin/admin@123         |





| 一、各组网段规划： |            |                      |               |
| ------------------ | ---------- | -------------------- | ------------- |
| 组                 | 服务器个数 | 分配网段             | 网关          |
| 江浩               | 7          | 10.99.216.20-70/24   | 10.99.216.254 |
| 杜鑫               | 5          | 10.99.216.71-120/24  | 10.99.216.254 |
| 陈建慧             | 2          | 10.99.216.121-150/24 | 10.99.216.254 |
| 陈焱宇             | 6          | 10.99.216.151-199/24 | 10.99.216.254 |
| 张益兵             | 7          | 10.99.210.30-80/24   | 10.99.210.254 |
| 于珊珊             | 2          | 10.99.210.81-100/24  | 10.99.210.254 |
| 宋晓恒             | 9          | 10.99.210.101-150/24 | 10.99.210.254 |
| 车立军             | 5          | 10.99.210.151-200/24 | 10.99.210.254 |

10.99.210.X，掩码为24，网关为10.99.210.254
10.99.216.X，掩码为24，网关为10.99.216.254

|      |          |               | 账号/密码        |              |
| ---- | -------- | ------------- | ---------------- | ------------ |
| 7号  | R4900 G3 | 10.99.210.106 | admin/Password@_ | 10.99.216.72 |
| 28号 | R4900 G3 | 10.99.210.60  | admin/Password@_ | 10.99.216.73 |
| 29号 | R4900 G3 | 10.99.210.61  | admin/Password@_ | 10.99.216.74 |
| 30号 | R4900 G3 | 10.99.210.62  | admin/Password@_ | 10.99.216.75 |

**CAS**

http://10.99.216.100:8080 

用户名/密码: admin/Cloud@1234



###### moba密码

1qaz2wsx



###### SNA环境

- 239环境

  北向IP：10.99.210.239

  南向节点：
  10.99.210.206
  10.99.210.207
  10.99.210.237
  user: root
  password: 123456

- SNA 195 环境
  登陆地址：http://10.99.210.195:10080/portal/
  用户名：admin
  密码： admin@123 

  数据库 10.99.210.191  5400
  用户 itoatask
  密码 itoatask

  10.99.210.191
  10.99.210.192
  10.99.210.193
  登陆用户名均为root，密码均为123456

###### 华三技术书刊

http://tech.h3c.com/
用户名:t19525
密码:LEoW7tVW



###### 服务器：

黄区：
10.99.210.206/207
user: root
password: 123456

虚机IP: 
10.113.250.200/201(堡垒机)
172.28.8.60  root/123456789

desk-bj.h3c.com
	
172.28.9.228(跳转机)
username: tcxia
passward: 123456
	
192.168.0.22
ssh ai@tiancuixia-1.ai
passward: 123456
	
172.28.8.71
username: administrator
passward: default2010

ssh h3cai01@gpu.zhaotinghai.cn -p 10022
passward: aiaiai

AI研究院北京绿区虚机
172.28.28.74

###### 公盘地址:

`\\h3cbjnt21-fs\AI研究院`
`\\h3c-hzfs\Software\Application`
`\\h3c-infoserver\06-H3C-中文手册\01-生产归档`

###### FTP服务器

黄云：[ftp://10.165.8.168](ftp://10.165.8.168)

绿区：[ftp://10.165.104.142](ftp://10.165.104.142)

| **登录场所** | **FTP IP**     | **账号**   | **密码** |
| ------------ | -------------- | ---------- | -------- |
| 黄云虚拟机   | 10.165.8.168   | ftp-ai-out | Y7c444t7 |
| 绿区PC机     | 10.165.104.142 | ftp-ai-in  | A9c222d1 |

FTP客户端软件（下载路径：[\\h3c-hzfs\Software\Application\System Tools\FTP客户端](file:///\\h3c-hzfs\Software\Application\System Tools\FTP客户端)）

我自己的目录：ftp://10.165.8.168/AI-out/t19525/ 



